08/07/2562 11:24:49 [INFO] [Run@204] Start FindStock
08/07/2562 11:24:52 [INFO] [Run@241] Run 0 CHOTI
08/07/2562 11:24:55 [INFO] [IAAConsensusScraping@677] Success CHOTI
08/07/2562 11:25:04 [INFO] [CompanyHighlights@542] Success CHOTI
08/07/2562 11:25:11 [INFO] [StockScraping@840] Success CHOTI
08/07/2562 11:25:12 [INFO] [Run@241] Run 1 EE
08/07/2562 11:25:12 [INFO] [IAAConsensusScraping@677] Success EE
08/07/2562 11:25:21 [INFO] [CompanyHighlights@542] Success EE
08/07/2562 11:25:28 [INFO] [StockScraping@840] Success EE
08/07/2562 11:25:28 [INFO] [Run@241] Run 2 GFPT
08/07/2562 11:25:35 [INFO] [IAAConsensusScraping@677] Success GFPT
08/07/2562 11:25:44 [INFO] [CompanyHighlights@542] Success GFPT
08/07/2562 11:25:51 [INFO] [StockScraping@840] Success GFPT
08/07/2562 11:25:51 [INFO] [Run@241] Run 3 LEE
08/07/2562 11:25:52 [INFO] [IAAConsensusScraping@677] Success LEE
08/07/2562 11:26:00 [INFO] [CompanyHighlights@542] Success LEE
08/07/2562 11:26:07 [INFO] [StockScraping@840] Success LEE
08/07/2562 11:26:07 [INFO] [Run@241] Run 4 NER
08/07/2562 11:26:10 [INFO] [IAAConsensusScraping@677] Success NER
08/07/2562 11:26:13 [INFO] [CompanyHighlights@542] Success NER
08/07/2562 11:26:19 [INFO] [StockScraping@840] Success NER
08/07/2562 11:26:19 [INFO] [Run@241] Run 5 PPPM
08/07/2562 11:26:20 [INFO] [IAAConsensusScraping@677] Success PPPM
08/07/2562 11:26:29 [INFO] [CompanyHighlights@542] Success PPPM
08/07/2562 11:26:35 [INFO] [StockScraping@840] Success PPPM
08/07/2562 11:26:35 [INFO] [Run@241] Run 6 STA
08/07/2562 11:26:48 [INFO] [Run@204] Start FindStock
08/07/2562 11:27:03 [INFO] [Run@204] Start FindStock
08/07/2562 11:27:06 [INFO] [Run@241] Run 0 CHOTI
08/07/2562 11:27:06 [INFO] [Run@241] Run 1 EE
08/07/2562 11:27:06 [INFO] [Run@241] Run 2 GFPT
08/07/2562 11:27:06 [INFO] [Run@241] Run 3 LEE
08/07/2562 11:27:06 [INFO] [Run@241] Run 4 NER
08/07/2562 11:27:06 [INFO] [Run@241] Run 5 PPPM
08/07/2562 11:27:06 [INFO] [Run@241] Run 6 STA
08/07/2562 11:27:06 [INFO] [Run@241] Run 7 TRUBB
08/07/2562 11:27:06 [INFO] [Run@241] Run 8 TWPC
08/07/2562 11:27:06 [INFO] [Run@241] Run 9 UPOIC
08/07/2562 11:27:07 [INFO] [Run@241] Run 10 UVAN
08/07/2562 11:27:07 [INFO] [Run@241] Run 11 VPO
08/07/2562 11:27:07 [INFO] [Run@241] Run 12 APURE
08/07/2562 11:27:07 [INFO] [Run@241] Run 13 ASIAN
08/07/2562 11:27:07 [INFO] [Run@241] Run 14 BR
08/07/2562 11:27:07 [INFO] [Run@241] Run 15 BRR
08/07/2562 11:27:07 [INFO] [Run@241] Run 16 CBG
08/07/2562 11:27:07 [INFO] [Run@241] Run 17 CFRESH
08/07/2562 11:27:07 [INFO] [Run@241] Run 18 CM
08/07/2562 11:27:07 [INFO] [Run@241] Run 19 CPF
08/07/2562 11:27:07 [INFO] [Run@241] Run 20 CPI
08/07/2562 11:27:07 [INFO] [Run@241] Run 21 F&D
08/07/2562 11:27:07 [INFO] [Run@241] Run 22 HTC
08/07/2562 11:27:07 [INFO] [Run@241] Run 23 ICHI
08/07/2562 11:27:07 [INFO] [Run@241] Run 24 KBS
08/07/2562 11:27:07 [INFO] [Run@241] Run 25 KSL
08/07/2562 11:27:07 [INFO] [Run@241] Run 26 KTIS
08/07/2562 11:27:07 [INFO] [Run@241] Run 27 LST
08/07/2562 11:27:07 [INFO] [Run@241] Run 28 M
08/07/2562 11:27:07 [INFO] [Run@241] Run 29 MALEE
08/07/2562 11:27:07 [INFO] [Run@241] Run 30 MINT
08/07/2562 11:27:07 [INFO] [Run@241] Run 31 OISHI
08/07/2562 11:27:07 [INFO] [Run@241] Run 32 OSP
08/07/2562 11:27:07 [INFO] [Run@241] Run 33 PB
08/07/2562 11:27:07 [INFO] [Run@241] Run 34 PM
08/07/2562 11:27:07 [INFO] [Run@241] Run 35 PRG
08/07/2562 11:27:07 [INFO] [Run@241] Run 36 SAPPE
08/07/2562 11:27:07 [INFO] [Run@241] Run 37 SAUCE
08/07/2562 11:27:07 [INFO] [Run@241] Run 38 SFP
08/07/2562 11:27:07 [INFO] [Run@241] Run 39 SNP
08/07/2562 11:27:07 [INFO] [Run@241] Run 40 SORKON
08/07/2562 11:27:07 [INFO] [Run@241] Run 41 SSC
08/07/2562 11:27:07 [INFO] [Run@241] Run 42 SSF
08/07/2562 11:27:07 [INFO] [Run@241] Run 43 SST
08/07/2562 11:27:07 [INFO] [Run@241] Run 44 TC
08/07/2562 11:27:07 [INFO] [Run@241] Run 45 TFG
08/07/2562 11:27:08 [INFO] [Run@241] Run 46 TFMAMA
08/07/2562 11:27:08 [INFO] [Run@241] Run 47 TIPCO
08/07/2562 11:27:08 [INFO] [Run@241] Run 48 TKN
08/07/2562 11:27:08 [INFO] [Run@241] Run 49 TU
08/07/2562 11:27:08 [INFO] [Run@241] Run 50 TVO
08/07/2562 11:27:08 [INFO] [Run@241] Run 51 ZEN
08/07/2562 11:27:08 [INFO] [Run@241] Run 52 AFC
08/07/2562 11:27:08 [INFO] [Run@241] Run 53 B52
08/07/2562 11:27:08 [INFO] [Run@241] Run 54 BTNC
08/07/2562 11:27:08 [INFO] [Run@241] Run 55 CPH
08/07/2562 11:27:08 [INFO] [Run@241] Run 56 CPL
08/07/2562 11:27:08 [INFO] [Run@241] Run 57 ICC
08/07/2562 11:27:08 [INFO] [Run@241] Run 58 NC
08/07/2562 11:27:08 [INFO] [Run@241] Run 59 PAF
08/07/2562 11:27:08 [INFO] [Run@241] Run 60 PDJ
08/07/2562 11:27:08 [INFO] [Run@241] Run 61 PG
08/07/2562 11:27:08 [INFO] [Run@241] Run 62 SABINA
08/07/2562 11:27:08 [INFO] [Run@241] Run 63 SAWANG
08/07/2562 11:27:08 [INFO] [Run@241] Run 64 SUC
08/07/2562 11:27:08 [INFO] [Run@241] Run 65 TNL
08/07/2562 11:27:08 [INFO] [Run@241] Run 66 TPCORP
08/07/2562 11:27:08 [INFO] [Run@241] Run 67 TR
08/07/2562 11:27:08 [INFO] [Run@241] Run 68 TTI
08/07/2562 11:27:08 [INFO] [Run@241] Run 69 TTT
08/07/2562 11:27:08 [INFO] [Run@241] Run 70 UPF
08/07/2562 11:27:08 [INFO] [Run@241] Run 71 UT
08/07/2562 11:27:08 [INFO] [Run@241] Run 72 WACOAL
08/07/2562 11:27:08 [INFO] [Run@241] Run 73 ACC
08/07/2562 11:27:08 [INFO] [Run@241] Run 74 AJA
08/07/2562 11:27:08 [INFO] [Run@241] Run 75 DTCI
08/07/2562 11:27:09 [INFO] [Run@241] Run 76 FANCY
08/07/2562 11:27:09 [INFO] [Run@241] Run 77 KYE
08/07/2562 11:27:09 [INFO] [Run@241] Run 78 L&E
08/07/2562 11:27:09 [INFO] [Run@241] Run 79 MODERN
08/07/2562 11:27:09 [INFO] [Run@241] Run 80 OGC
08/07/2562 11:27:09 [INFO] [Run@241] Run 81 ROCK
08/07/2562 11:27:09 [INFO] [Run@241] Run 82 SIAM
08/07/2562 11:27:09 [INFO] [Run@241] Run 83 TSR
08/07/2562 11:27:09 [INFO] [Run@241] Run 84 APCO
08/07/2562 11:27:09 [INFO] [Run@241] Run 85 DDD
08/07/2562 11:27:09 [INFO] [Run@241] Run 86 JCT
08/07/2562 11:27:09 [INFO] [Run@241] Run 87 OCC
08/07/2562 11:27:09 [INFO] [Run@241] Run 88 S & J
08/07/2562 11:27:09 [INFO] [Run@241] Run 89 STHAI
08/07/2562 11:27:09 [INFO] [Run@241] Run 90 TNR
08/07/2562 11:27:09 [INFO] [Run@241] Run 91 TOG
08/07/2562 11:27:09 [INFO] [Run@241] Run 92 BAY
08/07/2562 11:27:09 [INFO] [Run@241] Run 93 BBL
08/07/2562 11:27:09 [INFO] [Run@241] Run 94 CIMBT
08/07/2562 11:27:09 [INFO] [Run@241] Run 95 KBANK
08/07/2562 11:27:09 [INFO] [Run@241] Run 96 KKP
08/07/2562 11:27:09 [INFO] [Run@241] Run 97 KTB
08/07/2562 11:27:09 [INFO] [Run@241] Run 98 LHFG
08/07/2562 11:27:09 [INFO] [Run@241] Run 99 SCB
08/07/2562 11:27:09 [INFO] [Run@241] Run 100 TCAP
08/07/2562 11:27:09 [INFO] [Run@241] Run 101 TISCO
08/07/2562 11:27:09 [INFO] [Run@241] Run 102 TMB
08/07/2562 11:27:09 [INFO] [Run@241] Run 103 AEC
08/07/2562 11:27:09 [INFO] [Run@241] Run 104 AEONTS
08/07/2562 11:27:09 [INFO] [Run@241] Run 105 AMANAH
08/07/2562 11:27:09 [INFO] [Run@241] Run 106 ASAP
08/07/2562 11:27:09 [INFO] [Run@241] Run 107 ASK
08/07/2562 11:27:09 [INFO] [Run@241] Run 108 ASP
08/07/2562 11:27:09 [INFO] [Run@241] Run 109 BFIT
08/07/2562 11:27:09 [INFO] [Run@241] Run 110 CGH
08/07/2562 11:27:09 [INFO] [Run@241] Run 111 CNS
08/07/2562 11:27:09 [INFO] [Run@241] Run 112 ECL
08/07/2562 11:27:09 [INFO] [Run@241] Run 113 FNS
08/07/2562 11:27:09 [INFO] [Run@241] Run 114 FSS
08/07/2562 11:27:09 [INFO] [Run@241] Run 115 GBX
08/07/2562 11:27:09 [INFO] [Run@241] Run 116 GL
08/07/2562 11:27:09 [INFO] [Run@241] Run 117 IFS
08/07/2562 11:27:09 [INFO] [Run@241] Run 118 JMT
08/07/2562 11:27:09 [INFO] [Run@241] Run 119 KCAR
08/07/2562 11:27:09 [INFO] [Run@241] Run 120 KGI
08/07/2562 11:27:09 [INFO] [Run@241] Run 121 KTC
08/07/2562 11:27:09 [INFO] [Run@241] Run 122 MBKET
08/07/2562 11:27:09 [INFO] [Run@241] Run 123 MFC
08/07/2562 11:27:09 [INFO] [Run@241] Run 124 ML
08/07/2562 11:27:09 [INFO] [Run@241] Run 125 MTC
08/07/2562 11:27:09 [INFO] [Run@241] Run 126 PE
08/07/2562 11:27:09 [INFO] [Run@241] Run 127 PL
08/07/2562 11:27:09 [INFO] [Run@241] Run 128 S11
08/07/2562 11:27:09 [INFO] [Run@241] Run 129 SAWAD
08/07/2562 11:27:09 [INFO] [Run@241] Run 130 THANI
08/07/2562 11:27:09 [INFO] [Run@241] Run 131 TK
08/07/2562 11:27:09 [INFO] [Run@241] Run 132 TNITY
08/07/2562 11:27:09 [INFO] [Run@241] Run 133 UOBKH
08/07/2562 11:27:09 [INFO] [Run@241] Run 134 ZMICO
08/07/2562 11:27:09 [INFO] [Run@241] Run 135 AYUD
08/07/2562 11:27:09 [INFO] [Run@241] Run 136 BKI
08/07/2562 11:27:09 [INFO] [Run@241] Run 137 BLA
08/07/2562 11:27:09 [INFO] [Run@241] Run 138 BUI
08/07/2562 11:27:10 [INFO] [Run@241] Run 139 CHARAN
08/07/2562 11:27:10 [INFO] [Run@241] Run 140 INSURE
08/07/2562 11:27:10 [INFO] [Run@241] Run 141 MTI
08/07/2562 11:27:10 [INFO] [Run@241] Run 142 NKI
08/07/2562 11:27:10 [INFO] [Run@241] Run 143 NSI
08/07/2562 11:27:10 [INFO] [Run@241] Run 144 SEG
08/07/2562 11:27:10 [INFO] [Run@241] Run 145 SMK
08/07/2562 11:27:10 [INFO] [Run@241] Run 146 THRE
08/07/2562 11:27:10 [INFO] [Run@241] Run 147 THREL
08/07/2562 11:27:10 [INFO] [Run@241] Run 148 TIP
08/07/2562 11:27:10 [INFO] [Run@241] Run 149 TQM
08/07/2562 11:27:10 [INFO] [Run@241] Run 150 TSI
08/07/2562 11:27:10 [INFO] [Run@241] Run 151 TVI
08/07/2562 11:27:10 [INFO] [Run@241] Run 152 AH
08/07/2562 11:27:10 [INFO] [Run@241] Run 153 APCS
08/07/2562 11:27:10 [INFO] [Run@241] Run 154 BAT-3K
08/07/2562 11:27:10 [INFO] [Run@241] Run 155 CWT
08/07/2562 11:27:10 [INFO] [Run@241] Run 156 EASON
08/07/2562 11:27:10 [INFO] [Run@241] Run 157 GYT
08/07/2562 11:27:10 [INFO] [Run@241] Run 158 HFT
08/07/2562 11:27:10 [INFO] [Run@241] Run 159 IHL
08/07/2562 11:27:10 [INFO] [Run@241] Run 160 INGRS
08/07/2562 11:27:10 [INFO] [Run@241] Run 161 IRC
08/07/2562 11:27:10 [INFO] [Run@241] Run 162 PCSGH
08/07/2562 11:27:10 [INFO] [Run@241] Run 163 SAT
08/07/2562 11:27:10 [INFO] [Run@241] Run 164 SPG
08/07/2562 11:27:10 [INFO] [Run@241] Run 165 STANLY
08/07/2562 11:27:10 [INFO] [Run@241] Run 166 TKT
08/07/2562 11:27:10 [INFO] [Run@241] Run 167 TNPC
08/07/2562 11:27:10 [INFO] [Run@241] Run 168 TRU
08/07/2562 11:27:10 [INFO] [Run@241] Run 169 TSC
08/07/2562 11:27:10 [INFO] [Run@241] Run 170 ALLA
08/07/2562 11:27:10 [INFO] [Run@241] Run 171 ASEFA
08/07/2562 11:27:10 [INFO] [Run@241] Run 172 CPT
08/07/2562 11:27:10 [INFO] [Run@241] Run 173 CRANE
08/07/2562 11:27:10 [INFO] [Run@241] Run 174 CTW
08/07/2562 11:27:10 [INFO] [Run@241] Run 175 FMT
08/07/2562 11:27:10 [INFO] [Run@241] Run 176 HTECH
08/07/2562 11:27:10 [INFO] [Run@241] Run 177 KKC
08/07/2562 11:27:10 [INFO] [Run@241] Run 178 PK
08/07/2562 11:27:10 [INFO] [Run@241] Run 179 SNC
08/07/2562 11:27:10 [INFO] [Run@241] Run 180 STARK
08/07/2562 11:27:10 [INFO] [Run@241] Run 181 TCJ
08/07/2562 11:27:10 [INFO] [Run@241] Run 182 VARO
08/07/2562 11:27:10 [INFO] [Run@241] Run 183 UTP
08/07/2562 11:27:10 [INFO] [Run@241] Run 184 BCT
08/07/2562 11:27:10 [INFO] [Run@241] Run 185 CMAN
08/07/2562 11:27:10 [INFO] [Run@241] Run 186 GC
08/07/2562 11:27:10 [INFO] [Run@241] Run 187 GGC
08/07/2562 11:27:10 [INFO] [Run@241] Run 188 GIFT
08/07/2562 11:27:10 [INFO] [Run@241] Run 189 IVL
08/07/2562 11:27:10 [INFO] [Run@241] Run 190 NFC
08/07/2562 11:27:10 [INFO] [Run@241] Run 191 PATO
08/07/2562 11:27:10 [INFO] [Run@241] Run 192 PMTA
08/07/2562 11:27:10 [INFO] [Run@241] Run 193 PTTGC
08/07/2562 11:27:10 [INFO] [Run@241] Run 194 SUTHA
08/07/2562 11:27:10 [INFO] [Run@241] Run 195 TCCC
08/07/2562 11:27:10 [INFO] [Run@241] Run 196 TPA
08/07/2562 11:27:10 [INFO] [Run@241] Run 197 UP
08/07/2562 11:27:10 [INFO] [Run@241] Run 198 VNT
08/07/2562 11:27:10 [INFO] [Run@241] Run 199 WG
08/07/2562 11:27:10 [INFO] [Run@241] Run 200 YCI
08/07/2562 11:27:10 [INFO] [Run@241] Run 201 AJ
08/07/2562 11:27:10 [INFO] [Run@241] Run 202 ALUCON
08/07/2562 11:27:10 [INFO] [Run@241] Run 203 BGC
08/07/2562 11:27:10 [INFO] [Run@241] Run 204 CSC
08/07/2562 11:27:10 [INFO] [Run@241] Run 205 NEP
08/07/2562 11:27:10 [INFO] [Run@241] Run 206 NPPG
08/07/2562 11:27:10 [INFO] [Run@241] Run 207 PTL
08/07/2562 11:27:10 [INFO] [Run@241] Run 208 SITHAI
08/07/2562 11:27:10 [INFO] [Run@241] Run 209 SLP
08/07/2562 11:27:10 [INFO] [Run@241] Run 210 SMPC
08/07/2562 11:27:10 [INFO] [Run@241] Run 211 SPACK
08/07/2562 11:27:10 [INFO] [Run@241] Run 212 TCOAT
08/07/2562 11:27:10 [INFO] [Run@241] Run 213 TFI
08/07/2562 11:27:10 [INFO] [Run@241] Run 214 THIP
08/07/2562 11:27:11 [INFO] [Run@241] Run 215 TMD
08/07/2562 11:27:11 [INFO] [Run@241] Run 216 TOPP
08/07/2562 11:27:11 [INFO] [Run@241] Run 217 TPBI
08/07/2562 11:27:11 [INFO] [Run@241] Run 218 TPP
08/07/2562 11:27:11 [INFO] [Run@241] Run 219 AMC
08/07/2562 11:27:11 [INFO] [Run@241] Run 220 BSBM
08/07/2562 11:27:11 [INFO] [Run@241] Run 221 CEN
08/07/2562 11:27:11 [INFO] [Run@241] Run 222 CITY
08/07/2562 11:27:11 [INFO] [Run@241] Run 223 CSP
08/07/2562 11:27:11 [INFO] [Run@241] Run 224 GJS
08/07/2562 11:27:11 [INFO] [Run@241] Run 225 GSTEEL
08/07/2562 11:27:11 [INFO] [Run@241] Run 226 INOX
08/07/2562 11:27:11 [INFO] [Run@241] Run 227 LHK
08/07/2562 11:27:11 [INFO] [Run@241] Run 228 MAX
08/07/2562 11:27:11 [INFO] [Run@241] Run 229 MCS
08/07/2562 11:27:11 [INFO] [Run@241] Run 230 MILL
08/07/2562 11:27:11 [INFO] [Run@241] Run 231 PAP
08/07/2562 11:27:11 [INFO] [Run@241] Run 232 PERM
08/07/2562 11:27:11 [INFO] [Run@241] Run 233 RICH
08/07/2562 11:27:11 [INFO] [Run@241] Run 234 SAM
08/07/2562 11:27:11 [INFO] [Run@241] Run 235 SMIT
08/07/2562 11:27:11 [INFO] [Run@241] Run 236 SSI
08/07/2562 11:27:11 [INFO] [Run@241] Run 237 SSSC
08/07/2562 11:27:11 [INFO] [Run@241] Run 238 TGPRO
08/07/2562 11:27:11 [INFO] [Run@241] Run 239 THE
08/07/2562 11:27:11 [INFO] [Run@241] Run 240 TIW
08/07/2562 11:27:11 [INFO] [Run@241] Run 241 TMT
08/07/2562 11:27:11 [INFO] [Run@241] Run 242 TSTH
08/07/2562 11:27:11 [INFO] [Run@241] Run 243 TWP
08/07/2562 11:27:11 [INFO] [Run@241] Run 244 TYCN
08/07/2562 11:27:11 [INFO] [Run@241] Run 245 CCP
08/07/2562 11:27:11 [INFO] [Run@241] Run 246 COTTO
08/07/2562 11:27:11 [INFO] [Run@241] Run 247 DCC
08/07/2562 11:27:11 [INFO] [Run@241] Run 248 DCON
08/07/2562 11:27:11 [INFO] [Run@241] Run 249 DRT
08/07/2562 11:27:11 [INFO] [Run@241] Run 250 EPG
08/07/2562 11:27:11 [INFO] [Run@241] Run 251 GEL
08/07/2562 11:27:11 [INFO] [Run@241] Run 252 PPP
08/07/2562 11:27:11 [INFO] [Run@241] Run 253 Q-CON
08/07/2562 11:27:11 [INFO] [Run@241] Run 254 RCI
08/07/2562 11:27:11 [INFO] [Run@241] Run 255 SCC
08/07/2562 11:27:11 [INFO] [Run@241] Run 256 SCCC
08/07/2562 11:27:11 [INFO] [Run@241] Run 257 SCP
08/07/2562 11:27:11 [INFO] [Run@241] Run 258 SKN
08/07/2562 11:27:11 [INFO] [Run@241] Run 259 TASCO
08/07/2562 11:27:11 [INFO] [Run@241] Run 260 TCMC
08/07/2562 11:27:11 [INFO] [Run@241] Run 261 TOA
08/07/2562 11:27:11 [INFO] [Run@241] Run 262 TPIPL
08/07/2562 11:27:11 [INFO] [Run@241] Run 263 UMI
08/07/2562 11:27:11 [INFO] [Run@241] Run 264 VNG
08/07/2562 11:27:11 [INFO] [Run@241] Run 265 WIIK
08/07/2562 11:27:11 [INFO] [Run@241] Run 266 A
08/07/2562 11:27:11 [INFO] [Run@241] Run 267 AMATA
08/07/2562 11:27:11 [INFO] [Run@241] Run 268 AMATAV
08/07/2562 11:27:11 [INFO] [Run@241] Run 269 ANAN
08/07/2562 11:27:11 [INFO] [Run@241] Run 270 AP
08/07/2562 11:27:11 [INFO] [Run@241] Run 271 APEX
08/07/2562 11:27:11 [INFO] [Run@241] Run 272 AQ
08/07/2562 11:27:11 [INFO] [Run@241] Run 273 BLAND
08/07/2562 11:27:11 [INFO] [Run@241] Run 274 BROCK
08/07/2562 11:27:11 [INFO] [Run@241] Run 275 CGD
08/07/2562 11:27:11 [INFO] [Run@241] Run 276 CI
08/07/2562 11:27:11 [INFO] [Run@241] Run 277 CPN
08/07/2562 11:27:11 [INFO] [Run@241] Run 278 ESTAR
08/07/2562 11:27:11 [INFO] [Run@241] Run 279 EVER
08/07/2562 11:27:11 [INFO] [Run@241] Run 280 FPT
08/07/2562 11:27:11 [INFO] [Run@241] Run 281 GLAND
08/07/2562 11:27:11 [INFO] [Run@241] Run 282 GOLD
08/07/2562 11:27:11 [INFO] [Run@241] Run 283 GREEN
08/07/2562 11:27:11 [INFO] [Run@241] Run 284 J
08/07/2562 11:27:11 [INFO] [Run@241] Run 285 JCK
08/07/2562 11:27:11 [INFO] [Run@241] Run 286 KC
08/07/2562 11:27:11 [INFO] [Run@241] Run 287 KWG
08/07/2562 11:27:11 [INFO] [Run@241] Run 288 LALIN
08/07/2562 11:27:11 [INFO] [Run@241] Run 289 LH
08/07/2562 11:27:11 [INFO] [Run@241] Run 290 LPN
08/07/2562 11:27:11 [INFO] [Run@241] Run 291 MBK
08/07/2562 11:27:11 [INFO] [Run@241] Run 292 MJD
08/07/2562 11:27:11 [INFO] [Run@241] Run 293 MK
08/07/2562 11:27:12 [INFO] [Run@241] Run 294 NCH
08/07/2562 11:27:12 [INFO] [Run@241] Run 295 NNCL
08/07/2562 11:27:12 [INFO] [Run@241] Run 296 NOBLE
08/07/2562 11:27:12 [INFO] [Run@241] Run 297 NUSA
08/07/2562 11:27:12 [INFO] [Run@241] Run 298 NVD
08/07/2562 11:27:12 [INFO] [Run@241] Run 299 ORI
08/07/2562 11:27:12 [INFO] [Run@241] Run 300 PACE
08/07/2562 11:27:12 [INFO] [Run@241] Run 301 PF
08/07/2562 11:27:12 [INFO] [Run@241] Run 302 PLAT
08/07/2562 11:27:12 [INFO] [Run@241] Run 303 POLAR
08/07/2562 11:27:12 [INFO] [Run@241] Run 304 PRECHA
08/07/2562 11:27:12 [INFO] [Run@241] Run 305 PRIN
08/07/2562 11:27:12 [INFO] [Run@241] Run 306 PSH
08/07/2562 11:27:12 [INFO] [Run@241] Run 307 QH
08/07/2562 11:27:12 [INFO] [Run@241] Run 308 RICHY
08/07/2562 11:27:12 [INFO] [Run@241] Run 309 RML
08/07/2562 11:27:12 [INFO] [Run@241] Run 310 ROJNA
08/07/2562 11:27:12 [INFO] [Run@241] Run 311 S
08/07/2562 11:27:12 [INFO] [Run@241] Run 312 SAMCO
08/07/2562 11:27:12 [INFO] [Run@241] Run 313 SC
08/07/2562 11:27:12 [INFO] [Run@241] Run 314 SENA
08/07/2562 11:27:12 [INFO] [Run@241] Run 315 SF
08/07/2562 11:27:12 [INFO] [Run@241] Run 316 SIRI
08/07/2562 11:27:12 [INFO] [Run@241] Run 317 SPALI
08/07/2562 11:27:12 [INFO] [Run@241] Run 318 U
08/07/2562 11:27:12 [INFO] [Run@241] Run 319 UV
08/07/2562 11:27:12 [INFO] [Run@241] Run 320 WHA
08/07/2562 11:27:12 [INFO] [Run@241] Run 321 WIN
08/07/2562 11:27:12 [INFO] [Run@241] Run 322 AIMCG
08/07/2562 11:27:12 [INFO] [Run@241] Run 323 AIMIRT
08/07/2562 11:27:12 [INFO] [Run@241] Run 324 AMATAR
08/07/2562 11:27:12 [INFO] [Run@241] Run 325 B-WORK
08/07/2562 11:27:12 [INFO] [Run@241] Run 326 BKKCP
08/07/2562 11:27:12 [INFO] [Run@241] Run 327 BOFFICE
08/07/2562 11:27:12 [INFO] [Run@241] Run 328 CPNCG
08/07/2562 11:27:12 [INFO] [Run@241] Run 329 CPNREIT
08/07/2562 11:27:12 [INFO] [Run@241] Run 330 CPTGF
08/07/2562 11:27:12 [INFO] [Run@241] Run 331 CRYSTAL
08/07/2562 11:27:12 [INFO] [Run@241] Run 332 CTARAF
08/07/2562 11:27:12 [INFO] [Run@241] Run 333 DREIT
08/07/2562 11:27:12 [INFO] [Run@241] Run 334 ERWPF
08/07/2562 11:27:12 [INFO] [Run@241] Run 335 FTREIT
08/07/2562 11:27:12 [INFO] [Run@241] Run 336 FUTUREPF
08/07/2562 11:27:12 [INFO] [Run@241] Run 337 GAHREIT
08/07/2562 11:27:12 [INFO] [Run@241] Run 338 GLANDRT
08/07/2562 11:27:12 [INFO] [Run@241] Run 339 GOLDPF
08/07/2562 11:27:12 [INFO] [Run@241] Run 340 GVREIT
08/07/2562 11:27:12 [INFO] [Run@241] Run 341 HPF
08/07/2562 11:27:12 [INFO] [Run@241] Run 342 HREIT
08/07/2562 11:27:12 [INFO] [Run@241] Run 343 IMPACT
08/07/2562 11:27:12 [INFO] [Run@241] Run 344 KPNPF
08/07/2562 11:27:12 [INFO] [Run@241] Run 345 LHHOTEL
08/07/2562 11:27:12 [INFO] [Run@241] Run 346 LHPF
08/07/2562 11:27:12 [INFO] [Run@241] Run 347 LHSC
08/07/2562 11:27:12 [INFO] [Run@241] Run 348 LUXF
08/07/2562 11:27:12 [INFO] [Run@241] Run 349 M-II
08/07/2562 11:27:12 [INFO] [Run@241] Run 350 M-PAT
08/07/2562 11:27:12 [INFO] [Run@241] Run 351 M-STOR
08/07/2562 11:27:12 [INFO] [Run@241] Run 352 MIPF
08/07/2562 11:27:12 [INFO] [Run@241] Run 353 MIT
08/07/2562 11:27:12 [INFO] [Run@241] Run 354 MJLF
08/07/2562 11:27:12 [INFO] [Run@241] Run 355 MNIT
08/07/2562 11:27:12 [INFO] [Run@241] Run 356 MNIT2
08/07/2562 11:27:12 [INFO] [Run@241] Run 357 MNRF
08/07/2562 11:27:12 [INFO] [Run@241] Run 358 MONTRI
08/07/2562 11:27:12 [INFO] [Run@241] Run 359 POPF
08/07/2562 11:27:12 [INFO] [Run@241] Run 360 PPF
08/07/2562 11:27:12 [INFO] [Run@241] Run 361 QHHR
08/07/2562 11:27:12 [INFO] [Run@241] Run 362 QHOP
08/07/2562 11:27:12 [INFO] [Run@241] Run 363 QHPF
08/07/2562 11:27:12 [INFO] [Run@241] Run 364 SBPF
08/07/2562 11:27:12 [INFO] [Run@241] Run 365 SHREIT
08/07/2562 11:27:12 [INFO] [Run@241] Run 366 SIRIP
08/07/2562 11:27:12 [INFO] [Run@241] Run 367 SPF
08/07/2562 11:27:12 [INFO] [Run@241] Run 368 SPRIME
08/07/2562 11:27:12 [INFO] [Run@241] Run 369 SRIPANWA
08/07/2562 11:27:12 [INFO] [Run@241] Run 370 SSPF
08/07/2562 11:27:12 [INFO] [Run@241] Run 371 SSTPF
08/07/2562 11:27:12 [INFO] [Run@241] Run 372 SSTRT
08/07/2562 11:27:12 [INFO] [Run@241] Run 373 TIF1
08/07/2562 11:27:12 [INFO] [Run@241] Run 374 TLGF
08/07/2562 11:27:12 [INFO] [Run@241] Run 375 TLHPF
08/07/2562 11:27:12 [INFO] [Run@241] Run 376 TNPF
08/07/2562 11:27:12 [INFO] [Run@241] Run 377 TPRIME
08/07/2562 11:27:12 [INFO] [Run@241] Run 378 TTLPF
08/07/2562 11:27:12 [INFO] [Run@241] Run 379 TU-PF
08/07/2562 11:27:12 [INFO] [Run@241] Run 380 URBNPF
08/07/2562 11:27:12 [INFO] [Run@241] Run 381 WHABT
08/07/2562 11:27:12 [INFO] [Run@241] Run 382 WHART
08/07/2562 11:27:12 [INFO] [Run@241] Run 383 BJCHI
08/07/2562 11:27:12 [INFO] [Run@241] Run 384 BKD
08/07/2562 11:27:12 [INFO] [Run@241] Run 385 CK
08/07/2562 11:27:12 [INFO] [Run@241] Run 386 CNT
08/07/2562 11:27:12 [INFO] [Run@241] Run 387 EMC
08/07/2562 11:27:12 [INFO] [Run@241] Run 388 ITD
08/07/2562 11:27:12 [INFO] [Run@241] Run 389 NWR
08/07/2562 11:27:12 [INFO] [Run@241] Run 390 PAE
08/07/2562 11:27:12 [INFO] [Run@241] Run 391 PLE
08/07/2562 11:27:12 [INFO] [Run@241] Run 392 PREB
08/07/2562 11:27:12 [INFO] [Run@241] Run 393 PYLON
08/07/2562 11:27:13 [INFO] [Run@241] Run 394 SEAFCO
08/07/2562 11:27:13 [INFO] [Run@241] Run 395 SQ
08/07/2562 11:27:13 [INFO] [Run@241] Run 396 SRICHA
08/07/2562 11:27:13 [INFO] [Run@241] Run 397 STEC
08/07/2562 11:27:13 [INFO] [Run@241] Run 398 STPI
08/07/2562 11:27:13 [INFO] [Run@241] Run 399 SYNTEC
08/07/2562 11:27:13 [INFO] [Run@241] Run 400 TPOLY
08/07/2562 11:27:13 [INFO] [Run@241] Run 401 TRC
08/07/2562 11:27:13 [INFO] [Run@241] Run 402 TRITN
08/07/2562 11:27:13 [INFO] [Run@241] Run 403 TTCL
08/07/2562 11:27:13 [INFO] [Run@241] Run 404 UNIQ
08/07/2562 11:27:13 [INFO] [Run@241] Run 405 7UP
08/07/2562 11:27:13 [INFO] [Run@241] Run 406 ABPIF
08/07/2562 11:27:13 [INFO] [Run@241] Run 407 AI
08/07/2562 11:27:13 [INFO] [Run@241] Run 408 AKR
08/07/2562 11:27:13 [INFO] [Run@241] Run 409 BAFS
08/07/2562 11:27:13 [INFO] [Run@241] Run 410 BANPU
08/07/2562 11:27:13 [INFO] [Run@241] Run 411 BCP
08/07/2562 11:27:13 [INFO] [Run@241] Run 412 BCPG
08/07/2562 11:27:13 [INFO] [Run@241] Run 413 BGRIM
08/07/2562 11:27:13 [INFO] [Run@241] Run 414 BPP
08/07/2562 11:27:13 [INFO] [Run@241] Run 415 BRRGIF
08/07/2562 11:27:13 [INFO] [Run@241] Run 416 CKP
08/07/2562 11:27:13 [INFO] [Run@241] Run 417 DEMCO
08/07/2562 11:27:13 [INFO] [Run@241] Run 418 EA
08/07/2562 11:27:13 [INFO] [Run@241] Run 419 EARTH
08/07/2562 11:27:13 [INFO] [Run@241] Run 420 EASTW
08/07/2562 11:27:13 [INFO] [Run@241] Run 421 EGATIF
08/07/2562 11:27:13 [INFO] [Run@241] Run 422 EGCO
08/07/2562 11:27:13 [INFO] [Run@241] Run 423 ESSO
08/07/2562 11:27:13 [INFO] [Run@241] Run 424 GLOW
08/07/2562 11:27:13 [INFO] [Run@241] Run 425 GPSC
08/07/2562 11:27:13 [INFO] [Run@241] Run 426 GULF
08/07/2562 11:27:13 [INFO] [Run@241] Run 427 GUNKUL
08/07/2562 11:27:13 [INFO] [Run@241] Run 428 IFEC
08/07/2562 11:27:13 [INFO] [Run@241] Run 429 IRPC
08/07/2562 11:27:13 [INFO] [Run@241] Run 430 LANNA
08/07/2562 11:27:13 [INFO] [Run@241] Run 431 MDX
08/07/2562 11:27:13 [INFO] [Run@241] Run 432 PTG
08/07/2562 11:27:13 [INFO] [Run@241] Run 433 PTT
08/07/2562 11:27:13 [INFO] [Run@241] Run 434 PTTEP
08/07/2562 11:27:13 [INFO] [Run@241] Run 435 RATCH
08/07/2562 11:27:13 [INFO] [Run@241] Run 436 RPC
08/07/2562 11:27:13 [INFO] [Run@241] Run 437 SCG
08/07/2562 11:27:13 [INFO] [Run@241] Run 438 SCI
08/07/2562 11:27:13 [INFO] [Run@241] Run 439 SCN
08/07/2562 11:27:13 [INFO] [Run@241] Run 440 SGP
08/07/2562 11:27:13 [INFO] [Run@241] Run 441 SKE
08/07/2562 11:27:13 [INFO] [Run@241] Run 442 SOLAR
08/07/2562 11:27:13 [INFO] [Run@241] Run 443 SPCG
08/07/2562 11:27:13 [INFO] [Run@241] Run 444 SPRC
08/07/2562 11:27:13 [INFO] [Run@241] Run 445 SSP
08/07/2562 11:27:13 [INFO] [Run@241] Run 446 SUPER
08/07/2562 11:27:13 [INFO] [Run@241] Run 447 SUSCO
08/07/2562 11:27:13 [INFO] [Run@241] Run 448 TAE
08/07/2562 11:27:13 [INFO] [Run@241] Run 449 TCC
08/07/2562 11:27:13 [INFO] [Run@241] Run 450 TOP
08/07/2562 11:27:13 [INFO] [Run@241] Run 451 TPIPP
08/07/2562 11:27:13 [INFO] [Run@241] Run 452 TSE
08/07/2562 11:27:13 [INFO] [Run@241] Run 453 TTW
08/07/2562 11:27:13 [INFO] [Run@241] Run 454 WHAUP
08/07/2562 11:27:13 [INFO] [Run@241] Run 455 WP
08/07/2562 11:27:13 [INFO] [Run@241] Run 456 PDI
08/07/2562 11:27:13 [INFO] [Run@241] Run 457 THL
08/07/2562 11:27:13 [INFO] [Run@241] Run 458 BEAUTY
08/07/2562 11:27:13 [INFO] [Run@241] Run 459 BIG
08/07/2562 11:27:13 [INFO] [Run@241] Run 460 BJC
08/07/2562 11:27:13 [INFO] [Run@241] Run 461 COL
08/07/2562 11:27:13 [INFO] [Run@241] Run 462 COM7
08/07/2562 11:27:13 [INFO] [Run@241] Run 463 CPALL
08/07/2562 11:27:13 [INFO] [Run@241] Run 464 CSS
08/07/2562 11:27:13 [INFO] [Run@241] Run 465 DOHOME
08/07/2562 11:27:13 [INFO] [Run@241] Run 466 FN
08/07/2562 11:27:13 [INFO] [Run@241] Run 467 FTE
08/07/2562 11:27:13 [INFO] [Run@241] Run 468 GLOBAL
08/07/2562 11:27:13 [INFO] [Run@241] Run 469 HMPRO
08/07/2562 11:27:13 [INFO] [Run@241] Run 470 ILM
08/07/2562 11:27:13 [INFO] [Run@241] Run 471 IT
08/07/2562 11:27:13 [INFO] [Run@241] Run 472 KAMART
08/07/2562 11:27:13 [INFO] [Run@241] Run 473 LOXLEY
08/07/2562 11:27:13 [INFO] [Run@241] Run 474 MAKRO
08/07/2562 11:27:13 [INFO] [Run@241] Run 475 MC
08/07/2562 11:27:13 [INFO] [Run@241] Run 476 MEGA
08/07/2562 11:27:13 [INFO] [Run@241] Run 477 MIDA
08/07/2562 11:27:13 [INFO] [Run@241] Run 478 ROBINS
08/07/2562 11:27:13 [INFO] [Run@241] Run 479 RS
08/07/2562 11:27:13 [INFO] [Run@241] Run 480 RSP
08/07/2562 11:27:13 [INFO] [Run@241] Run 481 SINGER
08/07/2562 11:27:13 [INFO] [Run@241] Run 482 SPC
08/07/2562 11:27:14 [INFO] [Run@241] Run 483 SPI
08/07/2562 11:27:14 [INFO] [Run@241] Run 484 AHC
08/07/2562 11:27:14 [INFO] [Run@241] Run 485 BCH
08/07/2562 11:27:14 [INFO] [Run@241] Run 486 BDMS
08/07/2562 11:27:14 [INFO] [Run@241] Run 487 BH
08/07/2562 11:27:14 [INFO] [Run@241] Run 488 CHG
08/07/2562 11:27:14 [INFO] [Run@241] Run 489 CMR
08/07/2562 11:27:14 [INFO] [Run@241] Run 490 EKH
08/07/2562 11:27:14 [INFO] [Run@241] Run 491 KDH
08/07/2562 11:27:14 [INFO] [Run@241] Run 492 LPH
08/07/2562 11:27:14 [INFO] [Run@241] Run 493 M-CHAI
08/07/2562 11:27:14 [INFO] [Run@241] Run 494 NEW
08/07/2562 11:27:14 [INFO] [Run@241] Run 495 NTV
08/07/2562 11:27:14 [INFO] [Run@241] Run 496 PR9
08/07/2562 11:27:14 [INFO] [Run@241] Run 497 PRINC
08/07/2562 11:27:14 [INFO] [Run@241] Run 498 RAM
08/07/2562 11:27:14 [INFO] [Run@241] Run 499 RJH
08/07/2562 11:27:14 [INFO] [Run@241] Run 500 RPH
08/07/2562 11:27:14 [INFO] [Run@241] Run 501 SKR
08/07/2562 11:27:14 [INFO] [Run@241] Run 502 SVH
08/07/2562 11:27:14 [INFO] [Run@241] Run 503 THG
08/07/2562 11:27:14 [INFO] [Run@241] Run 504 VIBHA
08/07/2562 11:27:14 [INFO] [Run@241] Run 505 VIH
08/07/2562 11:27:14 [INFO] [Run@241] Run 506 WPH
08/07/2562 11:27:14 [INFO] [Run@241] Run 507 AMARIN
08/07/2562 11:27:14 [INFO] [Run@241] Run 508 AQUA
08/07/2562 11:27:14 [INFO] [Run@241] Run 509 AS
08/07/2562 11:27:14 [INFO] [Run@241] Run 510 BEC
08/07/2562 11:27:14 [INFO] [Run@241] Run 511 EPCO
08/07/2562 11:27:14 [INFO] [Run@241] Run 512 FE
08/07/2562 11:27:14 [INFO] [Run@241] Run 513 GPI
08/07/2562 11:27:14 [INFO] [Run@241] Run 514 GRAMMY
08/07/2562 11:27:14 [INFO] [Run@241] Run 515 MACO
08/07/2562 11:27:14 [INFO] [Run@241] Run 516 MAJOR
08/07/2562 11:27:14 [INFO] [Run@241] Run 517 MATCH
08/07/2562 11:27:14 [INFO] [Run@241] Run 518 MATI
08/07/2562 11:27:14 [INFO] [Run@241] Run 519 MCOT
08/07/2562 11:27:14 [INFO] [Run@241] Run 520 MONO
08/07/2562 11:27:14 [INFO] [Run@241] Run 521 MPIC
08/07/2562 11:27:14 [INFO] [Run@241] Run 522 NMG
08/07/2562 11:27:14 [INFO] [Run@241] Run 523 PLANB
08/07/2562 11:27:14 [INFO] [Run@241] Run 524 POST
08/07/2562 11:27:14 [INFO] [Run@241] Run 525 PRAKIT
08/07/2562 11:27:14 [INFO] [Run@241] Run 526 SE-ED
08/07/2562 11:27:14 [INFO] [Run@241] Run 527 SPORT
08/07/2562 11:27:14 [INFO] [Run@241] Run 528 TBSP
08/07/2562 11:27:14 [INFO] [Run@241] Run 529 TH
08/07/2562 11:27:14 [INFO] [Run@241] Run 530 TKS
08/07/2562 11:27:14 [INFO] [Run@241] Run 531 VGI
08/07/2562 11:27:14 [INFO] [Run@241] Run 532 WAVE
08/07/2562 11:27:14 [INFO] [Run@241] Run 533 WORK
08/07/2562 11:27:14 [INFO] [Run@241] Run 534 BWG
08/07/2562 11:27:14 [INFO] [Run@241] Run 535 GENCO
08/07/2562 11:27:14 [INFO] [Run@241] Run 536 PRO
08/07/2562 11:27:14 [INFO] [Run@241] Run 537 SISB
08/07/2562 11:27:14 [INFO] [Run@241] Run 538 TEAMG
08/07/2562 11:27:14 [INFO] [Run@241] Run 539 ASIA
08/07/2562 11:27:14 [INFO] [Run@241] Run 540 CENTEL
08/07/2562 11:27:14 [INFO] [Run@241] Run 541 CSR
08/07/2562 11:27:14 [INFO] [Run@241] Run 542 DTC
08/07/2562 11:27:14 [INFO] [Run@241] Run 543 ERW
08/07/2562 11:27:14 [INFO] [Run@241] Run 544 GRAND
08/07/2562 11:27:14 [INFO] [Run@241] Run 545 LRH
08/07/2562 11:27:14 [INFO] [Run@241] Run 546 MANRIN
08/07/2562 11:27:14 [INFO] [Run@241] Run 547 OHTL
08/07/2562 11:27:14 [INFO] [Run@241] Run 548 ROH
08/07/2562 11:27:14 [INFO] [Run@241] Run 549 SHANG
08/07/2562 11:27:14 [INFO] [Run@241] Run 550 VRANDA
08/07/2562 11:27:14 [INFO] [Run@241] Run 551 AAV
08/07/2562 11:27:14 [INFO] [Run@241] Run 552 AOT
08/07/2562 11:27:14 [INFO] [Run@241] Run 553 ASIMAR
08/07/2562 11:27:14 [INFO] [Run@241] Run 554 B
08/07/2562 11:27:14 [INFO] [Run@241] Run 555 BA
08/07/2562 11:27:14 [INFO] [Run@241] Run 556 BEM
08/07/2562 11:27:14 [INFO] [Run@241] Run 557 BTS
08/07/2562 11:27:14 [INFO] [Run@241] Run 558 BTSGIF
08/07/2562 11:27:14 [INFO] [Run@241] Run 559 III
08/07/2562 11:27:14 [INFO] [Run@241] Run 560 JUTHA
08/07/2562 11:27:14 [INFO] [Run@241] Run 561 JWD
08/07/2562 11:27:14 [INFO] [Run@241] Run 562 KWC
08/07/2562 11:27:14 [INFO] [Run@241] Run 563 NOK
08/07/2562 11:27:14 [INFO] [Run@241] Run 564 NYT
08/07/2562 11:27:14 [INFO] [Run@241] Run 565 PRM
08/07/2562 11:27:14 [INFO] [Run@241] Run 566 PSL
08/07/2562 11:27:14 [INFO] [Run@241] Run 567 RCL
08/07/2562 11:27:14 [INFO] [Run@241] Run 568 TFFIF
08/07/2562 11:27:14 [INFO] [Run@241] Run 569 THAI
08/07/2562 11:27:14 [INFO] [Run@241] Run 570 TSTE
08/07/2562 11:27:14 [INFO] [Run@241] Run 571 TTA
08/07/2562 11:27:14 [INFO] [Run@241] Run 572 WICE
08/07/2562 11:27:14 [INFO] [Run@241] Run 573 CCET
08/07/2562 11:27:14 [INFO] [Run@241] Run 574 DELTA
08/07/2562 11:27:14 [INFO] [Run@241] Run 575 EIC
08/07/2562 11:27:14 [INFO] [Run@241] Run 576 HANA
08/07/2562 11:27:14 [INFO] [Run@241] Run 577 KCE
08/07/2562 11:27:14 [INFO] [Run@241] Run 578 METCO
08/07/2562 11:27:14 [INFO] [Run@241] Run 579 NEX
08/07/2562 11:27:14 [INFO] [Run@241] Run 580 SMT
08/07/2562 11:27:14 [INFO] [Run@241] Run 581 SVI
08/07/2562 11:27:14 [INFO] [Run@241] Run 582 TEAM
08/07/2562 11:27:14 [INFO] [Run@241] Run 583 ADVANC
08/07/2562 11:27:14 [INFO] [Run@241] Run 584 AIT
08/07/2562 11:27:14 [INFO] [Run@241] Run 585 ALT
08/07/2562 11:27:14 [INFO] [Run@241] Run 586 BLISS
08/07/2562 11:27:14 [INFO] [Run@241] Run 587 DIF
08/07/2562 11:27:14 [INFO] [Run@241] Run 588 DTAC
08/07/2562 11:27:15 [INFO] [Run@241] Run 589 FORTH
08/07/2562 11:27:15 [INFO] [Run@241] Run 590 HUMAN
08/07/2562 11:27:15 [INFO] [Run@241] Run 591 ILINK
08/07/2562 11:27:15 [INFO] [Run@241] Run 592 INET
08/07/2562 11:27:15 [INFO] [Run@241] Run 593 INTUCH
08/07/2562 11:27:15 [INFO] [Run@241] Run 594 JAS
08/07/2562 11:27:15 [INFO] [Run@241] Run 595 JASIF
08/07/2562 11:27:15 [INFO] [Run@241] Run 596 JMART
08/07/2562 11:27:15 [INFO] [Run@241] Run 597 JTS
08/07/2562 11:27:15 [INFO] [Run@241] Run 598 MFEC
08/07/2562 11:27:15 [INFO] [Run@241] Run 599 MSC
08/07/2562 11:27:15 [INFO] [Run@241] Run 600 PT
08/07/2562 11:27:15 [INFO] [Run@241] Run 601 SAMART
08/07/2562 11:27:15 [INFO] [Run@241] Run 602 SAMTEL
08/07/2562 11:27:15 [INFO] [Run@241] Run 603 SDC
08/07/2562 11:27:15 [INFO] [Run@241] Run 604 SIS
08/07/2562 11:27:15 [INFO] [Run@241] Run 605 SVOA
08/07/2562 11:27:15 [INFO] [Run@241] Run 606 SYMC
08/07/2562 11:27:15 [INFO] [Run@241] Run 607 SYNEX
08/07/2562 11:27:15 [INFO] [Run@241] Run 608 THCOM
08/07/2562 11:27:15 [INFO] [Run@241] Run 609 TRUE
08/07/2562 11:27:15 [INFO] [Run@241] Run 610 TWZ
08/07/2562 11:27:15 [INFO] [Run@246]  Success update data FindStock
08/07/2562 11:27:42 [INFO] [Run@204] Start FindStock
08/07/2562 11:27:44 [INFO] [Run@241] Run 0 CHOTI
08/07/2562 11:27:46 [INFO] [IAAConsensusScraping@677] Success CHOTI
08/07/2562 11:27:46 [INFO] [Run@241] Run 1 EE
08/07/2562 11:27:47 [INFO] [IAAConsensusScraping@677] Success EE
08/07/2562 11:27:47 [INFO] [Run@241] Run 2 GFPT
08/07/2562 11:28:09 [INFO] [Run@204] Start FindStock
08/07/2562 11:28:11 [INFO] [Run@241] Run 53 B52
08/07/2562 11:28:14 [INFO] [IAAConsensusScraping@677] Success B52
08/07/2562 11:28:23 [INFO] [CompanyHighlights@542] Success B52
08/07/2562 11:30:31 [INFO] [Run@204] Start FindStock
08/07/2562 11:30:33 [INFO] [Run@241] Run 53 B52
08/07/2562 11:30:36 [INFO] [IAAConsensusScraping@677] Success B52
08/07/2562 11:30:44 [INFO] [CompanyHighlights@542] Success B52
08/07/2562 11:30:44 [ERROR] [StockScraping@802] Not scraping data from https://www.finnomena.com/stock/B52
08/07/2562 11:30:51 [INFO] [StockScraping@839] Success B52
08/07/2562 11:30:51 [INFO] [Run@241] Run 54 BTNC
08/07/2562 11:30:52 [INFO] [IAAConsensusScraping@677] Success BTNC
