08/06/2562 20:16:27 [INFO] [Run@204] Start FindStock
08/06/2562 20:16:29 [INFO] [Run@241] Run 0 CHOTI
08/06/2562 20:16:29 [ERROR] [StatementDatabase@1284] ErroMySql.Data.MySqlClient.MySqlException (0x80004005): Unable to connect to any of the specified MySQL hosts. ---> System.AggregateException: One or more errors occurred. ---> System.Net.Sockets.SocketException: No such host is known
   at System.Net.Sockets.Socket.InternalEndConnect(IAsyncResult asyncResult)
   at System.Net.Sockets.Socket.EndConnect(IAsyncResult asyncResult)
   at System.Net.Sockets.TcpClient.EndConnect(IAsyncResult asyncResult)
   at System.Threading.Tasks.TaskFactory`1.FromAsyncCoreLogic(IAsyncResult iar, Func`2 endFunction, Action`1 endAction, Task`1 promise, Boolean requiresSynchronization)
   --- End of inner exception stack trace ---
   at System.Threading.Tasks.Task.ThrowIfExceptional(Boolean includeTaskCanceledExceptions)
   at System.Threading.Tasks.Task.Wait(Int32 millisecondsTimeout, CancellationToken cancellationToken)
   at MySql.Data.Common.StreamCreator.GetTcpStream(MySqlConnectionStringBuilder settings)
   at MySql.Data.Common.StreamCreator.GetStream(MySqlConnectionStringBuilder settings)
   at MySql.Data.MySqlClient.NativeDriver.Open()
---> (Inner Exception #0) System.Net.Sockets.SocketException (0x80004005): No such host is known
   at System.Net.Sockets.Socket.InternalEndConnect(IAsyncResult asyncResult)
   at System.Net.Sockets.Socket.EndConnect(IAsyncResult asyncResult)
   at System.Net.Sockets.TcpClient.EndConnect(IAsyncResult asyncResult)
   at System.Threading.Tasks.TaskFactory`1.FromAsyncCoreLogic(IAsyncResult iar, Func`2 endFunction, Action`1 endAction, Task`1 promise, Boolean requiresSynchronization)<---

   at MySql.Data.MySqlClient.NativeDriver.Open()
   at MySql.Data.MySqlClient.Driver.Open()
   at MySql.Data.MySqlClient.Driver.Create(MySqlConnectionStringBuilder settings)
   at MySql.Data.MySqlClient.MySqlPool.CreateNewPooledConnection()
   at MySql.Data.MySqlClient.MySqlPool.GetPooledConnection()
   at MySql.Data.MySqlClient.MySqlPool.TryToGetDriver()
   at MySql.Data.MySqlClient.MySqlPool.GetConnection()
   at MySql.Data.MySqlClient.MySqlConnection.Open()
   at FindStock.Processor.StatementDatabase(Object item, String db, String where, Boolean none_update) in D:\Code\findStock\Processor.cs:line 1280
08/06/2562 20:16:42 [INFO] [Run@204] Start FindStock
08/06/2562 20:16:44 [INFO] [Run@241] Run 0 CHOTI
08/06/2562 20:16:45 [ERROR] [StatementDatabase@1284] ErroMySql.Data.MySqlClient.MySqlException (0x80004005): Unable to connect to any of the specified MySQL hosts. ---> System.AggregateException: One or more errors occurred. ---> System.Net.Sockets.SocketException: No such host is known
   at System.Net.Sockets.Socket.InternalEndConnect(IAsyncResult asyncResult)
   at System.Net.Sockets.Socket.EndConnect(IAsyncResult asyncResult)
   at System.Net.Sockets.TcpClient.EndConnect(IAsyncResult asyncResult)
   at System.Threading.Tasks.TaskFactory`1.FromAsyncCoreLogic(IAsyncResult iar, Func`2 endFunction, Action`1 endAction, Task`1 promise, Boolean requiresSynchronization)
   --- End of inner exception stack trace ---
   at System.Threading.Tasks.Task.ThrowIfExceptional(Boolean includeTaskCanceledExceptions)
   at System.Threading.Tasks.Task.Wait(Int32 millisecondsTimeout, CancellationToken cancellationToken)
   at MySql.Data.Common.StreamCreator.GetTcpStream(MySqlConnectionStringBuilder settings)
   at MySql.Data.Common.StreamCreator.GetStream(MySqlConnectionStringBuilder settings)
   at MySql.Data.MySqlClient.NativeDriver.Open()
---> (Inner Exception #0) System.Net.Sockets.SocketException (0x80004005): No such host is known
   at System.Net.Sockets.Socket.InternalEndConnect(IAsyncResult asyncResult)
   at System.Net.Sockets.Socket.EndConnect(IAsyncResult asyncResult)
   at System.Net.Sockets.TcpClient.EndConnect(IAsyncResult asyncResult)
   at System.Threading.Tasks.TaskFactory`1.FromAsyncCoreLogic(IAsyncResult iar, Func`2 endFunction, Action`1 endAction, Task`1 promise, Boolean requiresSynchronization)<---

   at MySql.Data.MySqlClient.NativeDriver.Open()
   at MySql.Data.MySqlClient.Driver.Open()
   at MySql.Data.MySqlClient.Driver.Create(MySqlConnectionStringBuilder settings)
   at MySql.Data.MySqlClient.MySqlPool.CreateNewPooledConnection()
   at MySql.Data.MySqlClient.MySqlPool.GetPooledConnection()
   at MySql.Data.MySqlClient.MySqlPool.TryToGetDriver()
   at MySql.Data.MySqlClient.MySqlPool.GetConnection()
   at MySql.Data.MySqlClient.MySqlConnection.Open()
   at FindStock.Processor.StatementDatabase(Object item, String db, String where, Boolean none_update) in D:\Code\findStock\Processor.cs:line 1280
08/06/2562 20:18:32 [INFO] [Run@204] Start FindStock
08/06/2562 20:18:35 [INFO] [Run@241] Run 0 CHOTI
08/06/2562 20:18:35 [ERROR] [StatementDatabase@1284] ErroMySql.Data.MySqlClient.MySqlException (0x80004005): Unable to connect to any of the specified MySQL hosts. ---> System.AggregateException: One or more errors occurred. ---> System.Net.Sockets.SocketException: No such host is known
   at System.Net.Sockets.Socket.InternalEndConnect(IAsyncResult asyncResult)
   at System.Net.Sockets.Socket.EndConnect(IAsyncResult asyncResult)
   at System.Net.Sockets.TcpClient.EndConnect(IAsyncResult asyncResult)
   at System.Threading.Tasks.TaskFactory`1.FromAsyncCoreLogic(IAsyncResult iar, Func`2 endFunction, Action`1 endAction, Task`1 promise, Boolean requiresSynchronization)
   --- End of inner exception stack trace ---
   at System.Threading.Tasks.Task.ThrowIfExceptional(Boolean includeTaskCanceledExceptions)
   at System.Threading.Tasks.Task.Wait(Int32 millisecondsTimeout, CancellationToken cancellationToken)
   at MySql.Data.Common.StreamCreator.GetTcpStream(MySqlConnectionStringBuilder settings)
   at MySql.Data.Common.StreamCreator.GetStream(MySqlConnectionStringBuilder settings)
   at MySql.Data.MySqlClient.NativeDriver.Open()
---> (Inner Exception #0) System.Net.Sockets.SocketException (0x80004005): No such host is known
   at System.Net.Sockets.Socket.InternalEndConnect(IAsyncResult asyncResult)
   at System.Net.Sockets.Socket.EndConnect(IAsyncResult asyncResult)
   at System.Net.Sockets.TcpClient.EndConnect(IAsyncResult asyncResult)
   at System.Threading.Tasks.TaskFactory`1.FromAsyncCoreLogic(IAsyncResult iar, Func`2 endFunction, Action`1 endAction, Task`1 promise, Boolean requiresSynchronization)<---

   at MySql.Data.MySqlClient.NativeDriver.Open()
   at MySql.Data.MySqlClient.Driver.Open()
   at MySql.Data.MySqlClient.Driver.Create(MySqlConnectionStringBuilder settings)
   at MySql.Data.MySqlClient.MySqlPool.CreateNewPooledConnection()
   at MySql.Data.MySqlClient.MySqlPool.GetPooledConnection()
   at MySql.Data.MySqlClient.MySqlPool.TryToGetDriver()
   at MySql.Data.MySqlClient.MySqlPool.GetConnection()
   at MySql.Data.MySqlClient.MySqlConnection.Open()
   at FindStock.Processor.StatementDatabase(Object item, String db, String where, Boolean none_update) in D:\Code\findStock\Processor.cs:line 1280
08/06/2562 20:22:03 [INFO] [Run@204] Start FindStock
08/06/2562 20:22:08 [INFO] [Run@241] Run 0 CHOTI
08/06/2562 20:22:08 [DEBUG] [StatementDatabase@1276] Select * from application.iaa_consensus_summary where Symbol='CHOTI'
08/06/2562 20:22:08 [ERROR] [StatementDatabase@1286] ErroMySql.Data.MySqlClient.MySqlException (0x80004005): Unable to connect to any of the specified MySQL hosts. ---> System.AggregateException: One or more errors occurred. ---> System.Net.Sockets.SocketException: No such host is known
   at System.Net.Sockets.Socket.InternalEndConnect(IAsyncResult asyncResult)
   at System.Net.Sockets.Socket.EndConnect(IAsyncResult asyncResult)
   at System.Net.Sockets.TcpClient.EndConnect(IAsyncResult asyncResult)
   at System.Threading.Tasks.TaskFactory`1.FromAsyncCoreLogic(IAsyncResult iar, Func`2 endFunction, Action`1 endAction, Task`1 promise, Boolean requiresSynchronization)
   --- End of inner exception stack trace ---
   at System.Threading.Tasks.Task.ThrowIfExceptional(Boolean includeTaskCanceledExceptions)
   at System.Threading.Tasks.Task.Wait(Int32 millisecondsTimeout, CancellationToken cancellationToken)
   at MySql.Data.Common.StreamCreator.GetTcpStream(MySqlConnectionStringBuilder settings)
   at MySql.Data.Common.StreamCreator.GetStream(MySqlConnectionStringBuilder settings)
   at MySql.Data.MySqlClient.NativeDriver.Open()
---> (Inner Exception #0) System.Net.Sockets.SocketException (0x80004005): No such host is known
   at System.Net.Sockets.Socket.InternalEndConnect(IAsyncResult asyncResult)
   at System.Net.Sockets.Socket.EndConnect(IAsyncResult asyncResult)
   at System.Net.Sockets.TcpClient.EndConnect(IAsyncResult asyncResult)
   at System.Threading.Tasks.TaskFactory`1.FromAsyncCoreLogic(IAsyncResult iar, Func`2 endFunction, Action`1 endAction, Task`1 promise, Boolean requiresSynchronization)<---

   at MySql.Data.MySqlClient.NativeDriver.Open()
   at MySql.Data.MySqlClient.Driver.Open()
   at MySql.Data.MySqlClient.Driver.Create(MySqlConnectionStringBuilder settings)
   at MySql.Data.MySqlClient.MySqlPool.CreateNewPooledConnection()
   at MySql.Data.MySqlClient.MySqlPool.GetPooledConnection()
   at MySql.Data.MySqlClient.MySqlPool.TryToGetDriver()
   at MySql.Data.MySqlClient.MySqlPool.GetConnection()
   at MySql.Data.MySqlClient.MySqlConnection.Open()
   at FindStock.Processor.StatementDatabase(Object item, String db, String where, Boolean none_update) in D:\Code\findStock\Processor.cs:line 1282
08/06/2562 20:26:04 [INFO] [Run@204] Start FindStock
08/06/2562 20:26:06 [INFO] [Run@241] Run 0 CHOTI
08/06/2562 20:26:06 [ERROR] [StatementDatabase@1293] ErroMySql.Data.MySqlClient.MySqlException (0x80004005): Unable to connect to any of the specified MySQL hosts. ---> System.AggregateException: One or more errors occurred. ---> System.Net.Sockets.SocketException: No such host is known
   at System.Net.Sockets.Socket.InternalEndConnect(IAsyncResult asyncResult)
   at System.Net.Sockets.Socket.EndConnect(IAsyncResult asyncResult)
   at System.Net.Sockets.TcpClient.EndConnect(IAsyncResult asyncResult)
   at System.Threading.Tasks.TaskFactory`1.FromAsyncCoreLogic(IAsyncResult iar, Func`2 endFunction, Action`1 endAction, Task`1 promise, Boolean requiresSynchronization)
   --- End of inner exception stack trace ---
   at System.Threading.Tasks.Task.ThrowIfExceptional(Boolean includeTaskCanceledExceptions)
   at System.Threading.Tasks.Task.Wait(Int32 millisecondsTimeout, CancellationToken cancellationToken)
   at MySql.Data.Common.StreamCreator.GetTcpStream(MySqlConnectionStringBuilder settings)
   at MySql.Data.Common.StreamCreator.GetStream(MySqlConnectionStringBuilder settings)
   at MySql.Data.MySqlClient.NativeDriver.Open()
---> (Inner Exception #0) System.Net.Sockets.SocketException (0x80004005): No such host is known
   at System.Net.Sockets.Socket.InternalEndConnect(IAsyncResult asyncResult)
   at System.Net.Sockets.Socket.EndConnect(IAsyncResult asyncResult)
   at System.Net.Sockets.TcpClient.EndConnect(IAsyncResult asyncResult)
   at System.Threading.Tasks.TaskFactory`1.FromAsyncCoreLogic(IAsyncResult iar, Func`2 endFunction, Action`1 endAction, Task`1 promise, Boolean requiresSynchronization)<---

   at MySql.Data.MySqlClient.NativeDriver.Open()
   at MySql.Data.MySqlClient.Driver.Open()
   at MySql.Data.MySqlClient.Driver.Create(MySqlConnectionStringBuilder settings)
   at MySql.Data.MySqlClient.MySqlPool.CreateNewPooledConnection()
   at MySql.Data.MySqlClient.MySqlPool.GetPooledConnection()
   at MySql.Data.MySqlClient.MySqlPool.TryToGetDriver()
   at MySql.Data.MySqlClient.MySqlPool.GetConnection()
   at MySql.Data.MySqlClient.MySqlConnection.Open()
   at FindStock.Processor.StatementDatabase(Object item, String db, String where, Boolean none_update) in D:\Code\findStock\Processor.cs:line 1289
08/06/2562 20:28:28 [INFO] [Run@204] Start FindStock
08/06/2562 20:28:30 [INFO] [Run@241] Run 0 CHOTI
08/06/2562 20:28:31 [ERROR] [StatementDatabase@1287] Unable to connect to any of the specified MySQL hosts.
08/06/2562 20:28:31 [INFO] [IAAConsensusScraping@677] Success CHOTI
08/06/2562 20:28:31 [ERROR] [StatementDatabase@1287] Unable to connect to any of the specified MySQL hosts.
08/06/2562 20:28:31 [ERROR] [StatementDatabase@1287] Unable to connect to any of the specified MySQL hosts.
08/06/2562 20:28:31 [ERROR] [StatementDatabase@1287] Unable to connect to any of the specified MySQL hosts.
08/06/2562 20:28:31 [ERROR] [StatementDatabase@1287] Unable to connect to any of the specified MySQL hosts.
08/06/2562 20:28:31 [ERROR] [StatementDatabase@1287] Unable to connect to any of the specified MySQL hosts.
08/06/2562 20:28:31 [ERROR] [StatementDatabase@1287] Unable to connect to any of the specified MySQL hosts.
08/06/2562 20:28:31 [ERROR] [StatementDatabase@1287] Unable to connect to any of the specified MySQL hosts.
08/06/2562 20:28:31 [ERROR] [StatementDatabase@1287] Unable to connect to any of the specified MySQL hosts.
08/06/2562 20:28:31 [ERROR] [StatementDatabase@1287] Unable to connect to any of the specified MySQL hosts.
08/06/2562 20:28:31 [ERROR] [StatementDatabase@1287] Unable to connect to any of the specified MySQL hosts.
08/06/2562 20:28:31 [INFO] [CompanyHighlights@542] Success CHOTI
08/06/2562 20:28:31 [ERROR] [IAAPersent@1243] ErroMySql.Data.MySqlClient.MySqlException (0x80004005): Unable to connect to any of the specified MySQL hosts. ---> System.AggregateException: One or more errors occurred. ---> System.Net.Sockets.SocketException: No such host is known
   at System.Net.Sockets.Socket.InternalEndConnect(IAsyncResult asyncResult)
   at System.Net.Sockets.Socket.EndConnect(IAsyncResult asyncResult)
   at System.Net.Sockets.TcpClient.EndConnect(IAsyncResult asyncResult)
   at System.Threading.Tasks.TaskFactory`1.FromAsyncCoreLogic(IAsyncResult iar, Func`2 endFunction, Action`1 endAction, Task`1 promise, Boolean requiresSynchronization)
   --- End of inner exception stack trace ---
   at System.Threading.Tasks.Task.ThrowIfExceptional(Boolean includeTaskCanceledExceptions)
   at System.Threading.Tasks.Task.Wait(Int32 millisecondsTimeout, CancellationToken cancellationToken)
   at MySql.Data.Common.StreamCreator.GetTcpStream(MySqlConnectionStringBuilder settings)
   at MySql.Data.Common.StreamCreator.GetStream(MySqlConnectionStringBuilder settings)
   at MySql.Data.MySqlClient.NativeDriver.Open()
---> (Inner Exception #0) System.Net.Sockets.SocketException (0x80004005): No such host is known
   at System.Net.Sockets.Socket.InternalEndConnect(IAsyncResult asyncResult)
   at System.Net.Sockets.Socket.EndConnect(IAsyncResult asyncResult)
   at System.Net.Sockets.TcpClient.EndConnect(IAsyncResult asyncResult)
   at System.Threading.Tasks.TaskFactory`1.FromAsyncCoreLogic(IAsyncResult iar, Func`2 endFunction, Action`1 endAction, Task`1 promise, Boolean requiresSynchronization)<---

   at MySql.Data.MySqlClient.NativeDriver.Open()
   at MySql.Data.MySqlClient.Driver.Open()
   at MySql.Data.MySqlClient.Driver.Create(MySqlConnectionStringBuilder settings)
   at MySql.Data.MySqlClient.MySqlPool.CreateNewPooledConnection()
   at MySql.Data.MySqlClient.MySqlPool.GetPooledConnection()
   at MySql.Data.MySqlClient.MySqlPool.TryToGetDriver()
   at MySql.Data.MySqlClient.MySqlPool.GetConnection()
   at MySql.Data.MySqlClient.MySqlConnection.Open()
   at FindStock.Processor.IAAPersent(Stock& stock, String db, String where) in D:\Code\findStock\Processor.cs:line 1239
08/06/2562 20:30:25 [INFO] [Run@204] Start FindStock
08/06/2562 20:30:26 [INFO] [Run@241] Run 0 CHOTI
08/06/2562 20:30:26 [DEBUG] [StatementDatabase@1270] Persist Security Info=False;server=ekkawitl.czdbkayf0dvu.us-east-2.rds.amazonaws.com;database=application;uid=root;password=password
08/06/2562 20:30:27 [ERROR] [StatementDatabase@1284] ErroMySql.Data.MySqlClient.MySqlException (0x80004005): Unable to connect to any of the specified MySQL hosts. ---> System.AggregateException: One or more errors occurred. ---> System.Net.Sockets.SocketException: No such host is known
   at System.Net.Sockets.Socket.InternalEndConnect(IAsyncResult asyncResult)
   at System.Net.Sockets.Socket.EndConnect(IAsyncResult asyncResult)
   at System.Net.Sockets.TcpClient.EndConnect(IAsyncResult asyncResult)
   at System.Threading.Tasks.TaskFactory`1.FromAsyncCoreLogic(IAsyncResult iar, Func`2 endFunction, Action`1 endAction, Task`1 promise, Boolean requiresSynchronization)
   --- End of inner exception stack trace ---
   at System.Threading.Tasks.Task.ThrowIfExceptional(Boolean includeTaskCanceledExceptions)
   at System.Threading.Tasks.Task.Wait(Int32 millisecondsTimeout, CancellationToken cancellationToken)
   at MySql.Data.Common.StreamCreator.GetTcpStream(MySqlConnectionStringBuilder settings)
   at MySql.Data.Common.StreamCreator.GetStream(MySqlConnectionStringBuilder settings)
   at MySql.Data.MySqlClient.NativeDriver.Open()
---> (Inner Exception #0) System.Net.Sockets.SocketException (0x80004005): No such host is known
   at System.Net.Sockets.Socket.InternalEndConnect(IAsyncResult asyncResult)
   at System.Net.Sockets.Socket.EndConnect(IAsyncResult asyncResult)
   at System.Net.Sockets.TcpClient.EndConnect(IAsyncResult asyncResult)
   at System.Threading.Tasks.TaskFactory`1.FromAsyncCoreLogic(IAsyncResult iar, Func`2 endFunction, Action`1 endAction, Task`1 promise, Boolean requiresSynchronization)<---

   at MySql.Data.MySqlClient.NativeDriver.Open()
   at MySql.Data.MySqlClient.Driver.Open()
   at MySql.Data.MySqlClient.Driver.Create(MySqlConnectionStringBuilder settings)
   at MySql.Data.MySqlClient.MySqlPool.CreateNewPooledConnection()
   at MySql.Data.MySqlClient.MySqlPool.GetPooledConnection()
   at MySql.Data.MySqlClient.MySqlPool.TryToGetDriver()
   at MySql.Data.MySqlClient.MySqlPool.GetConnection()
   at MySql.Data.MySqlClient.MySqlConnection.Open()
   at FindStock.Processor.StatementDatabase(Object item, String db, String where, Boolean none_update) in D:\Code\findStock\Processor.cs:line 1280
08/06/2562 20:33:06 [INFO] [Run@204] Start FindStock
08/06/2562 20:33:08 [INFO] [Run@241] Run 0 CHOTI
08/06/2562 20:33:08 [DEBUG] [StatementDatabase@1270] server=ekkawitl.czdbkayf0dvu.us-east-2.rds.amazonaws.com;database=application;uid=root;password=password
08/06/2562 20:33:08 [ERROR] [StatementDatabase@1284] ErroMySql.Data.MySqlClient.MySqlException (0x80004005): Unable to connect to any of the specified MySQL hosts. ---> System.AggregateException: One or more errors occurred. ---> System.Net.Sockets.SocketException: No such host is known
   at System.Net.Sockets.Socket.InternalEndConnect(IAsyncResult asyncResult)
   at System.Net.Sockets.Socket.EndConnect(IAsyncResult asyncResult)
   at System.Net.Sockets.TcpClient.EndConnect(IAsyncResult asyncResult)
   at System.Threading.Tasks.TaskFactory`1.FromAsyncCoreLogic(IAsyncResult iar, Func`2 endFunction, Action`1 endAction, Task`1 promise, Boolean requiresSynchronization)
   --- End of inner exception stack trace ---
   at System.Threading.Tasks.Task.ThrowIfExceptional(Boolean includeTaskCanceledExceptions)
   at System.Threading.Tasks.Task.Wait(Int32 millisecondsTimeout, CancellationToken cancellationToken)
   at MySql.Data.Common.StreamCreator.GetTcpStream(MySqlConnectionStringBuilder settings)
   at MySql.Data.Common.StreamCreator.GetStream(MySqlConnectionStringBuilder settings)
   at MySql.Data.MySqlClient.NativeDriver.Open()
---> (Inner Exception #0) System.Net.Sockets.SocketException (0x80004005): No such host is known
   at System.Net.Sockets.Socket.InternalEndConnect(IAsyncResult asyncResult)
   at System.Net.Sockets.Socket.EndConnect(IAsyncResult asyncResult)
   at System.Net.Sockets.TcpClient.EndConnect(IAsyncResult asyncResult)
   at System.Threading.Tasks.TaskFactory`1.FromAsyncCoreLogic(IAsyncResult iar, Func`2 endFunction, Action`1 endAction, Task`1 promise, Boolean requiresSynchronization)<---

   at MySql.Data.MySqlClient.NativeDriver.Open()
   at MySql.Data.MySqlClient.Driver.Open()
   at MySql.Data.MySqlClient.Driver.Create(MySqlConnectionStringBuilder settings)
   at MySql.Data.MySqlClient.MySqlPool.CreateNewPooledConnection()
   at MySql.Data.MySqlClient.MySqlPool.GetPooledConnection()
   at MySql.Data.MySqlClient.MySqlPool.TryToGetDriver()
   at MySql.Data.MySqlClient.MySqlPool.GetConnection()
   at MySql.Data.MySqlClient.MySqlConnection.Open()
   at FindStock.Processor.StatementDatabase(Object item, String db, String where, Boolean none_update) in D:\Code\findStock\Processor.cs:line 1280
08/06/2562 20:35:28 [INFO] [Run@204] Start FindStock
08/06/2562 20:35:30 [INFO] [Run@241] Run 0 CHOTI
08/06/2562 20:35:30 [ERROR] [StatementDatabase@1284] ErroMySql.Data.MySqlClient.MySqlException (0x80004005): Unable to connect to any of the specified MySQL hosts. ---> System.AggregateException: One or more errors occurred. ---> System.Net.Sockets.SocketException: No such host is known
   at System.Net.Sockets.Socket.InternalEndConnect(IAsyncResult asyncResult)
   at System.Net.Sockets.Socket.EndConnect(IAsyncResult asyncResult)
   at System.Net.Sockets.TcpClient.EndConnect(IAsyncResult asyncResult)
   at System.Threading.Tasks.TaskFactory`1.FromAsyncCoreLogic(IAsyncResult iar, Func`2 endFunction, Action`1 endAction, Task`1 promise, Boolean requiresSynchronization)
   --- End of inner exception stack trace ---
   at System.Threading.Tasks.Task.ThrowIfExceptional(Boolean includeTaskCanceledExceptions)
   at System.Threading.Tasks.Task.Wait(Int32 millisecondsTimeout, CancellationToken cancellationToken)
   at MySql.Data.Common.StreamCreator.GetTcpStream(MySqlConnectionStringBuilder settings)
   at MySql.Data.Common.StreamCreator.GetStream(MySqlConnectionStringBuilder settings)
   at MySql.Data.MySqlClient.NativeDriver.Open()
---> (Inner Exception #0) System.Net.Sockets.SocketException (0x80004005): No such host is known
   at System.Net.Sockets.Socket.InternalEndConnect(IAsyncResult asyncResult)
   at System.Net.Sockets.Socket.EndConnect(IAsyncResult asyncResult)
   at System.Net.Sockets.TcpClient.EndConnect(IAsyncResult asyncResult)
   at System.Threading.Tasks.TaskFactory`1.FromAsyncCoreLogic(IAsyncResult iar, Func`2 endFunction, Action`1 endAction, Task`1 promise, Boolean requiresSynchronization)<---

   at MySql.Data.MySqlClient.NativeDriver.Open()
   at MySql.Data.MySqlClient.Driver.Open()
   at MySql.Data.MySqlClient.Driver.Create(MySqlConnectionStringBuilder settings)
   at MySql.Data.MySqlClient.MySqlPool.CreateNewPooledConnection()
   at MySql.Data.MySqlClient.MySqlPool.GetPooledConnection()
   at MySql.Data.MySqlClient.MySqlPool.TryToGetDriver()
   at MySql.Data.MySqlClient.MySqlPool.GetConnection()
   at MySql.Data.MySqlClient.MySqlConnection.Open()
   at FindStock.Processor.StatementDatabase(Object item, String db, String where, Boolean none_update) in D:\Code\findStock\Processor.cs:line 1280
08/06/2562 20:36:37 [INFO] [Run@204] Start FindStock
08/06/2562 20:36:38 [INFO] [Run@241] Run 0 CHOTI
08/06/2562 20:36:39 [INFO] [IAAConsensusScraping@677] Success CHOTI
08/06/2562 20:36:39 [INFO] [CompanyHighlights@542] Success CHOTI
08/06/2562 20:36:40 [INFO] [StockScraping@840] Success CHOTI
08/06/2562 20:36:40 [INFO] [Run@241] Run 1 EE
08/06/2562 20:36:40 [INFO] [IAAConsensusScraping@677] Success EE
08/06/2562 20:36:40 [INFO] [CompanyHighlights@542] Success EE
08/06/2562 20:36:40 [INFO] [StockScraping@840] Success EE
08/06/2562 20:36:40 [INFO] [Run@241] Run 2 GFPT
08/06/2562 20:36:41 [INFO] [IAAConsensusScraping@677] Success GFPT
08/06/2562 20:37:12 [INFO] [Run@204] Start FindStock
08/06/2562 20:37:13 [INFO] [Run@241] Run 0 CHOTI
08/06/2562 20:37:18 [INFO] [IAAConsensusScraping@677] Success CHOTI
08/06/2562 20:39:12 [INFO] [Run@204] Start FindStock
08/06/2562 20:39:15 [INFO] [Run@241] Run 0 CHOTI
08/06/2562 20:39:20 [INFO] [IAAConsensusScraping@677] Success CHOTI
08/06/2562 20:58:10 [INFO] [Run@204] Start FindStock
08/06/2562 20:58:12 [INFO] [Run@241] Run 0 CHOTI
